[techfiesta.netlify.app/index.html]
[backblue.gif]
[fade.gif]
[index.html]
[techfiesta.netlify.app/assets/img/festlogo1.png]
[techfiesta.netlify.app/assets/img/apple-touch-icon.png]
[techfiesta.netlify.app/assets/vendor/animate.css/animate.min.css]
[techfiesta.netlify.app/assets/vendor/aos/aos.css]
[techfiesta.netlify.app/assets/vendor/bootstrap/css/bootstrap.min.css]
[techfiesta.netlify.app/assets/vendor/bootstrap-icons/bootstrap-icons.css]
[techfiesta.netlify.app/assets/vendor/boxicons/css/boxicons.min.css]
[techfiesta.netlify.app/assets/vendor/glightbox/css/glightbox.min.css]
[techfiesta.netlify.app/assets/vendor/swiper/swiper-bundle.min.css]
[techfiesta.netlify.app/assets/css/style.css]
[techfiesta.netlify.app/index-2.html]
[techfiesta.netlify.app/modules/cs.html]
[techfiesta.netlify.app/modules/it.html]
[techfiesta.netlify.app/modules/entc.html]
[techfiesta.netlify.app/modules/mech.html]
[techfiesta.netlify.app/assets/img/techfiesta-2022-23.jpg]
[media.istockphoto.com/id/858817216/photo/istockphoto-858817216-170667a36a9.jpg]
[media.istockphoto.com/id/1308986719/photo/istockphoto-1308986719-170667a0fbf.jpg]
[media.istockphoto.com/id/457207367/photo/istockphoto-457207367-170667a395c.jpg]
[static.startuptalky.com/2021/04/codechef-startuptalky.jpg]
[techfiesta.netlify.app/flyers/TECHFIESTH (4).png]
[techfiesta.netlify.app/flyers/SAIT (13).png]
[techfiesta.netlify.app/flyers/ggg.png]
[techfiesta.netlify.app/flyers/Mech flyer.jpg]
[www.nmiet.edu.in/computer/images/saurabh-saoji.jpg]
[www.nmiet.edu.in/it/images/mr-ashish-manwatkar.jpg]
[www.nmiet.edu.in/entc/images/entc/N-Dhawas.jpg]
[www.nmiet.edu.in/mechanical/images/dr-satish-more.jpg]
[techfiesta.netlify.app/assets/vendor/aos/aos.js]
[techfiesta.netlify.app/assets/vendor/bootstrap/js/bootstrap.bundle.min.js]
[techfiesta.netlify.app/assets/vendor/glightbox/js/glightbox.min.js]
[techfiesta.netlify.app/assets/vendor/isotope-layout/isotope.pkgd.min.js]
[techfiesta.netlify.app/assets/vendor/php-email-form/validate.js]
[techfiesta.netlify.app/assets/vendor/swiper/swiper-bundle.min.js]
[techfiesta.netlify.app/index.html]
[techfiesta.netlify.app/assets/vendor/animate.css/animate.min.css]
[techfiesta.netlify.app/assets/vendor/aos/aos.css]
[techfiesta.netlify.app/assets/vendor/bootstrap/css/bootstrap.min.css]
[techfiesta.netlify.app/assets/js/main.js]
[techfiesta.netlify.app/assets/vendor/bootstrap-icons/fonts/bootstrap-iconse36a.woff2]
[techfiesta.netlify.app/assets/vendor/bootstrap-icons/bootstrap-icons.css]
[techfiesta.netlify.app/assets/vendor/bootstrap-icons/fonts/bootstrap-iconse36a.woff]
[techfiesta.netlify.app/assets/vendor/boxicons/fonts/boxicons.woff2]
[techfiesta.netlify.app/assets/vendor/boxicons/fonts/boxicons.eot]
[techfiesta.netlify.app/assets/vendor/boxicons/fonts/boxicons.woff]
[techfiesta.netlify.app/assets/vendor/boxicons/fonts/boxicons.ttf]
[techfiesta.netlify.app/assets/vendor/boxicons/css/boxicons.min.css]
[techfiesta.netlify.app/assets/vendor/glightbox/css/glightbox.min.css]
[techfiesta.netlify.app/assets/vendor/swiper/swiper-bundle.min.css]
[techfiesta.netlify.app/assets/img/welcome.jpg]
[techfiesta.netlify.app/assets/vendor/boxicons/fonts/boxiconsd41d.svg]
[techfiesta.netlify.app/assets/img/events-bg.jpg]
[techfiesta.netlify.app/assets/css/style.css]
[techfiesta.netlify.app/index-2.html]
[cdn.jsdelivr.net/npm/bootstrap-icons@1.3.0/font/bootstrap-icons.css]
[cdn.jsdelivr.net/npm/bootstrap@5.3.0-alpha3/dist/css/bootstrap.min.css]
[cdn.jsdelivr.net/npm/bootstrap@5.3.0-alpha3/dist/js/bootstrap.bundle.min.js]
[cdn.jsdelivr.net/npm/bootstrap-icons@1.10.2/font/bootstrap-icons.css]
[techfiesta.netlify.app/modules/css/slides.min33eb.css]
[techfiesta.netlify.app/modules/festlogo-removebg-preview.35.delayed]
[ajax.googleapis.com/ajax/libs/jquery/3.3.1/jquery.min.js]
[techfiesta.netlify.app/modules/cs.html]
[techfiesta.netlify.app/modules/it.html]
[techfiesta.netlify.app/modules/entc.html]
[techfiesta.netlify.app/modules/mech.html]
[techfiesta.netlify.app/assets/vendor/boxicons/fonts/boxiconsd41d.svg]
[techfiesta.netlify.app/modules/js/slides.min33eb.js]
[cdn.jsdelivr.net/npm/bootstrap-icons@1.3.0/font/fonts/bootstrap-icons289b.woff]
[cdn.jsdelivr.net/npm/bootstrap-icons@1.3.0/font/bootstrap-icons.css]
[cdn.jsdelivr.net/npm/bootstrap-icons@1.3.0/font/fonts/bootstrap-icons289b.woff2]
[cdn.jsdelivr.net/npm/bootstrap@5.3.0-alpha3/dist/css/bootstrap.min.css]
[cdn.jsdelivr.net/npm/bootstrap-icons@1.10.2/font/fonts/bootstrap-iconsbf04.woff2]
[cdn.jsdelivr.net/npm/bootstrap-icons@1.10.2/font/fonts/bootstrap-iconsbf04.woff]
[cdn.jsdelivr.net/npm/bootstrap-icons@1.10.2/font/bootstrap-icons.css]
[techfiesta.netlify.app/modules/assets/img/image-100.png]
[techfiesta.netlify.app/modules/css/slides.min33eb.css]
[techfiesta.netlify.app/modules/festlogo-removebg-preview.html]
[techfiesta.netlify.app/modules/assets/svg/video-icon.svg]
[techfiesta.netlify.app/modules/assets/svg/play.svg]
